<?xml version="1.0" encoding="UTF-8"?>
<!-- Generated by org.testng.reporters.JUnitReportReporter -->
<testsuite skipped="0" hostname="Karthik" name="com.leafBot.testcases.TC001_Login" tests="1" failures="0" timestamp="11 Aug 2019 11:17:12 GMT" time="7.294" errors="0">
  <testcase name="runLogin" time="7.294" classname="com.leafBot.testcases.TC001_Login"/>
</testsuite> <!-- com.leafBot.testcases.TC001_Login -->
